<?xml version="1.0" encoding="UTF-8"?>
<!-- Generated by org.testng.reporters.JUnitXMLReporter -->
<testsuite ignored="0" hostname="DESKTOP-OP9IKPV" failures="0" tests="1" name="Test-runner-edge" time="5.116" errors="0" timestamp="2025-06-13T07:44:12 IST">
  <testcase classname="inventoryTests.AddProductToCartTest" name="tc_001_AddProductToCartTest" time="0.89"/>
</testsuite> <!-- Test-runner-edge -->
