<?xml version="1.0" encoding="UTF-8"?>
<!-- Generated by org.testng.reporters.JUnitReportReporter -->
<testsuite hostname="DESKTOP-OP9IKPV" failures="0" tests="1" name="inventoryTests.AddLowestPriceProductToCartTest" time="2.225" errors="0" timestamp="2025-06-16T08:38:46 IST" skipped="0">
  <testcase classname="inventoryTests.AddLowestPriceProductToCartTest" name="tc_002_AddLowestPriceProductToCartTest" time="2.225"/>
</testsuite> <!-- inventoryTests.AddLowestPriceProductToCartTest -->
